<?xml version="1.0" encoding="UTF-8"?>
<testng-results skipped="0" failed="0" ignored="0" total="1" passed="1">
  <reporter-output>
  </reporter-output>
  <suite name="Default suite" duration-ms="11841" started-at="2022-03-12T16:24:06Z" finished-at="2022-03-12T16:24:18Z">
    <groups>
    </groups>
    <test name="Default test" duration-ms="11841" started-at="2022-03-12T16:24:06Z" finished-at="2022-03-12T16:24:18Z">
      <class name="scripts.ValidCredentails">
        <test-method status="PASS" signature="initiate()[pri:0, instance:scripts.ValidCredentails@548e7350]" name="initiate" is-config="true" duration-ms="5047" started-at="2022-03-12T16:24:01Z" finished-at="2022-03-12T16:24:06Z">
          <reporter-output>
          </reporter-output>
        </test-method> <!-- initiate -->
        <test-method status="PASS" signature="run()[pri:0, instance:scripts.ValidCredentails@548e7350]" name="run" is-config="true" duration-ms="5219" started-at="2022-03-12T16:24:06Z" finished-at="2022-03-12T16:24:11Z">
          <reporter-output>
          </reporter-output>
        </test-method> <!-- run -->
        <test-method status="PASS" signature="authentication()[pri:0, instance:scripts.ValidCredentails@548e7350]" name="authentication" duration-ms="6581" started-at="2022-03-12T16:24:11Z" finished-at="2022-03-12T16:24:18Z">
          <reporter-output>
          </reporter-output>
        </test-method> <!-- authentication -->
        <test-method status="PASS" signature="finish()[pri:0, instance:scripts.ValidCredentails@548e7350]" name="finish" is-config="true" duration-ms="1000" started-at="2022-03-12T16:24:18Z" finished-at="2022-03-12T16:24:19Z">
          <reporter-output>
          </reporter-output>
        </test-method> <!-- finish -->
      </class> <!-- scripts.ValidCredentails -->
    </test> <!-- Default test -->
  </suite> <!-- Default suite -->
</testng-results>
